<?xml version="1.0" encoding="UTF-8"?>
<!-- Generated by org.testng.reporters.JUnitXMLReporter -->
<testsuite ignored="0" hostname="HP-WIN10" failures="1" tests="6" name="Test edge" time="49.549" errors="0" timestamp="2022-12-07T14:05:18 IST">
  <testcase classname="com.qa.testscripts.TC_AmazonSearch_001" name="Search" time="3.978"/>
  <testcase classname="com.qa.testscripts.TC_AmazonSearch_001" name="Search" time="4.994"/>
  <testcase classname="com.qa.testscripts.TC_AmazonSearch_001" name="Search" time="8.849"/>
  <testcase classname="com.qa.testscripts.TC_AmazonSearch_001" name="Search" time="10.784"/>
  <testcase classname="com.qa.testscripts.TC_AmazonSearch_001" name="Search" time="6.865"/>
  <testcase classname="com.qa.testscripts.TC_AmazonSearch_001" name="Search" time="0.191">
    <failure type="org.openqa.selenium.NoSuchElementException" message="Cannot locate element with text: chair
For documentation on this error, please visit: https://www.seleniumhq.org/exceptions/no_such_element.html
Build info: version: &amp;apos;3.141.59&amp;apos;, revision: &amp;apos;e82be7d358&amp;apos;, time: &amp;apos;2018-11-14T08:17:03&amp;apos;
System info: host: &amp;apos;HP-WIN10&amp;apos;, ip: &amp;apos;10.56.4.233&amp;apos;, os.name: &amp;apos;Windows 10&amp;apos;, os.arch: &amp;apos;amd64&amp;apos;, os.version: &amp;apos;10.0&amp;apos;, java.version: &amp;apos;17.0.1&amp;apos;
Driver info: driver.version: unknown">
      <![CDATA[org.openqa.selenium.NoSuchElementException: Cannot locate element with text: chair
For documentation on this error, please visit: https://www.seleniumhq.org/exceptions/no_such_element.html
Build info: version: '3.141.59', revision: 'e82be7d358', time: '2018-11-14T08:17:03'
System info: host: 'HP-WIN10', ip: '10.56.4.233', os.name: 'Windows 10', os.arch: 'amd64', os.version: '10.0', java.version: '17.0.1'
Driver info: driver.version: unknown
at org.openqa.selenium.support.ui.Select.selectByVisibleText(Select.java:147)
at com.qa.testscripts.TC_AmazonSearch_001.Search(TC_AmazonSearch_001.java:42)
at java.base/java.util.concurrent.ThreadPoolExecutor.runWorker(ThreadPoolExecutor.java:1136)
at java.base/java.util.concurrent.ThreadPoolExecutor$Worker.run(ThreadPoolExecutor.java:635)
at java.base/java.lang.Thread.run(Thread.java:833)
... Removed 12 stack frames]]>
    </failure>
  </testcase> <!-- Search -->
</testsuite> <!-- Test edge -->
